<?xml version="1.0" encoding="UTF-8"?>
<testsuite xmlns:xsi="http://www.w3.org/2001/XMLSchema-instance" xsi:noNamespaceSchemaLocation="https://maven.apache.org/surefire/maven-surefire-plugin/xsd/surefire-test-report.xsd" name="TestSuite" time="67.313" tests="20" errors="0" skipped="0" failures="8">
  <properties>
    <property name="gopherProxySet" value="false"/>
    <property name="awt.toolkit" value="sun.lwawt.macosx.LWCToolkit"/>
    <property name="file.encoding.pkg" value="sun.io"/>
    <property name="java.specification.version" value="1.8"/>
    <property name="sun.cpu.isalist" value=""/>
    <property name="sun.jnu.encoding" value="UTF-8"/>
    <property name="java.class.path" value="/Users/ratnajalla/testNgProject/target/test-classes:/Users/ratnajalla/testNgProject/target/classes:/Users/ratnajalla/.m2/repository/org/testng/testng/6.14.2/testng-6.14.2.jar:/Users/ratnajalla/.m2/repository/com/beust/jcommander/1.72/jcommander-1.72.jar:/Users/ratnajalla/.m2/repository/org/apache-extras/beanshell/bsh/2.0b6/bsh-2.0b6.jar:/Users/ratnajalla/.m2/repository/org/seleniumhq/selenium/selenium-java/2.53.0/selenium-java-2.53.0.jar:/Users/ratnajalla/.m2/repository/org/seleniumhq/selenium/selenium-chrome-driver/2.53.0/selenium-chrome-driver-2.53.0.jar:/Users/ratnajalla/.m2/repository/org/seleniumhq/selenium/selenium-remote-driver/2.53.0/selenium-remote-driver-2.53.0.jar:/Users/ratnajalla/.m2/repository/cglib/cglib-nodep/2.1_3/cglib-nodep-2.1_3.jar:/Users/ratnajalla/.m2/repository/com/google/code/gson/gson/2.3.1/gson-2.3.1.jar:/Users/ratnajalla/.m2/repository/org/seleniumhq/selenium/selenium-api/2.53.0/selenium-api-2.53.0.jar:/Users/ratnajalla/.m2/repository/org/apache/httpcomponents/httpclient/4.5.1/httpclient-4.5.1.jar:/Users/ratnajalla/.m2/repository/org/apache/httpcomponents/httpcore/4.4.3/httpcore-4.4.3.jar:/Users/ratnajalla/.m2/repository/commons-logging/commons-logging/1.2/commons-logging-1.2.jar:/Users/ratnajalla/.m2/repository/com/google/guava/guava/19.0/guava-19.0.jar:/Users/ratnajalla/.m2/repository/org/seleniumhq/selenium/selenium-edge-driver/2.53.0/selenium-edge-driver-2.53.0.jar:/Users/ratnajalla/.m2/repository/commons-io/commons-io/2.4/commons-io-2.4.jar:/Users/ratnajalla/.m2/repository/org/apache/commons/commons-exec/1.3/commons-exec-1.3.jar:/Users/ratnajalla/.m2/repository/org/seleniumhq/selenium/selenium-firefox-driver/2.53.0/selenium-firefox-driver-2.53.0.jar:/Users/ratnajalla/.m2/repository/org/seleniumhq/selenium/selenium-ie-driver/2.53.0/selenium-ie-driver-2.53.0.jar:/Users/ratnajalla/.m2/repository/net/java/dev/jna/jna/4.1.0/jna-4.1.0.jar:/Users/ratnajalla/.m2/repository/net/java/dev/jna/jna-platform/4.1.0/jna-platform-4.1.0.jar:/Users/ratnajalla/.m2/repository/org/seleniumhq/selenium/selenium-safari-driver/2.53.0/selenium-safari-driver-2.53.0.jar:/Users/ratnajalla/.m2/repository/io/netty/netty/3.5.7.Final/netty-3.5.7.Final.jar:/Users/ratnajalla/.m2/repository/org/seleniumhq/selenium/selenium-support/2.53.0/selenium-support-2.53.0.jar:/Users/ratnajalla/.m2/repository/org/seleniumhq/selenium/selenium-leg-rc/2.53.0/selenium-leg-rc-2.53.0.jar:/Users/ratnajalla/.m2/repository/org/apache/poi/poi/3.12/poi-3.12.jar:/Users/ratnajalla/.m2/repository/commons-codec/commons-codec/1.9/commons-codec-1.9.jar:/Users/ratnajalla/.m2/repository/org/apache/poi/poi-ooxml-schemas/3.12/poi-ooxml-schemas-3.12.jar:/Users/ratnajalla/.m2/repository/org/apache/xmlbeans/xmlbeans/2.6.0/xmlbeans-2.6.0.jar:/Users/ratnajalla/.m2/repository/stax/stax-api/1.0.1/stax-api-1.0.1.jar:/Users/ratnajalla/.m2/repository/org/apache/poi/poi-ooxml/3.9/poi-ooxml-3.9.jar:/Users/ratnajalla/.m2/repository/dom4j/dom4j/1.6.1/dom4j-1.6.1.jar:/Users/ratnajalla/.m2/repository/xml-apis/xml-apis/1.0.b2/xml-apis-1.0.b2.jar:/Users/ratnajalla/.m2/repository/com/relevantcodes/extentreports/2.41.2/extentreports-2.41.2.jar:/Users/ratnajalla/.m2/repository/org/jsoup/jsoup/1.8.3/jsoup-1.8.3.jar:/Users/ratnajalla/.m2/repository/org/xerial/sqlite-jdbc/3.8.11.1/sqlite-jdbc-3.8.11.1.jar:/Users/ratnajalla/.m2/repository/org/freemarker/freemarker/2.3.23/freemarker-2.3.23.jar:/Users/ratnajalla/.m2/repository/org/mongodb/mongodb-driver/3.0.4/mongodb-driver-3.0.4.jar:/Users/ratnajalla/.m2/repository/org/mongodb/bson/3.0.4/bson-3.0.4.jar:/Users/ratnajalla/.m2/repository/org/mongodb/mongodb-driver-core/3.0.4/mongodb-driver-core-3.0.4.jar:/Users/ratnajalla/.m2/repository/org/apache/maven/surefire/surefire-testng-utils/2.20.1/surefire-testng-utils-2.20.1.jar:/Users/ratnajalla/.m2/repository/org/apache/maven/surefire/surefire-grouper/2.20.1/surefire-grouper-2.20.1.jar:"/>
    <property name="java.vm.vendor" value="Oracle Corporation"/>
    <property name="sun.arch.data.model" value="64"/>
    <property name="java.vendor.url" value="http://java.oracle.com/"/>
    <property name="user.timezone" value=""/>
    <property name="java.vm.specification.version" value="1.8"/>
    <property name="os.name" value="Mac OS X"/>
    <property name="user.country" value="US"/>
    <property name="sun.java.launcher" value="SUN_STANDARD"/>
    <property name="sun.boot.library.path" value="/Library/Java/JavaVirtualMachines/jdk1.8.0_152.jdk/Contents/Home/jre/lib"/>
    <property name="sun.java.command" value="/Users/ratnajalla/testNgProject/target/surefire/surefirebooter406517405178676457.jar /Users/ratnajalla/testNgProject/target/surefire 2018-03-14T13-42-21_716-jvmRun1 surefire8036721651970885817tmp surefire_05280252182296888219tmp"/>
    <property name="http.nonProxyHosts" value="local|*.local|169.254/16|*.169.254/16"/>
    <property name="surefire.test.class.path" value="/Users/ratnajalla/testNgProject/target/test-classes:/Users/ratnajalla/testNgProject/target/classes:/Users/ratnajalla/.m2/repository/org/testng/testng/6.14.2/testng-6.14.2.jar:/Users/ratnajalla/.m2/repository/com/beust/jcommander/1.72/jcommander-1.72.jar:/Users/ratnajalla/.m2/repository/org/apache-extras/beanshell/bsh/2.0b6/bsh-2.0b6.jar:/Users/ratnajalla/.m2/repository/org/seleniumhq/selenium/selenium-java/2.53.0/selenium-java-2.53.0.jar:/Users/ratnajalla/.m2/repository/org/seleniumhq/selenium/selenium-chrome-driver/2.53.0/selenium-chrome-driver-2.53.0.jar:/Users/ratnajalla/.m2/repository/org/seleniumhq/selenium/selenium-remote-driver/2.53.0/selenium-remote-driver-2.53.0.jar:/Users/ratnajalla/.m2/repository/cglib/cglib-nodep/2.1_3/cglib-nodep-2.1_3.jar:/Users/ratnajalla/.m2/repository/com/google/code/gson/gson/2.3.1/gson-2.3.1.jar:/Users/ratnajalla/.m2/repository/org/seleniumhq/selenium/selenium-api/2.53.0/selenium-api-2.53.0.jar:/Users/ratnajalla/.m2/repository/org/apache/httpcomponents/httpclient/4.5.1/httpclient-4.5.1.jar:/Users/ratnajalla/.m2/repository/org/apache/httpcomponents/httpcore/4.4.3/httpcore-4.4.3.jar:/Users/ratnajalla/.m2/repository/commons-logging/commons-logging/1.2/commons-logging-1.2.jar:/Users/ratnajalla/.m2/repository/com/google/guava/guava/19.0/guava-19.0.jar:/Users/ratnajalla/.m2/repository/org/seleniumhq/selenium/selenium-edge-driver/2.53.0/selenium-edge-driver-2.53.0.jar:/Users/ratnajalla/.m2/repository/commons-io/commons-io/2.4/commons-io-2.4.jar:/Users/ratnajalla/.m2/repository/org/apache/commons/commons-exec/1.3/commons-exec-1.3.jar:/Users/ratnajalla/.m2/repository/org/seleniumhq/selenium/selenium-firefox-driver/2.53.0/selenium-firefox-driver-2.53.0.jar:/Users/ratnajalla/.m2/repository/org/seleniumhq/selenium/selenium-ie-driver/2.53.0/selenium-ie-driver-2.53.0.jar:/Users/ratnajalla/.m2/repository/net/java/dev/jna/jna/4.1.0/jna-4.1.0.jar:/Users/ratnajalla/.m2/repository/net/java/dev/jna/jna-platform/4.1.0/jna-platform-4.1.0.jar:/Users/ratnajalla/.m2/repository/org/seleniumhq/selenium/selenium-safari-driver/2.53.0/selenium-safari-driver-2.53.0.jar:/Users/ratnajalla/.m2/repository/io/netty/netty/3.5.7.Final/netty-3.5.7.Final.jar:/Users/ratnajalla/.m2/repository/org/seleniumhq/selenium/selenium-support/2.53.0/selenium-support-2.53.0.jar:/Users/ratnajalla/.m2/repository/org/seleniumhq/selenium/selenium-leg-rc/2.53.0/selenium-leg-rc-2.53.0.jar:/Users/ratnajalla/.m2/repository/org/apache/poi/poi/3.12/poi-3.12.jar:/Users/ratnajalla/.m2/repository/commons-codec/commons-codec/1.9/commons-codec-1.9.jar:/Users/ratnajalla/.m2/repository/org/apache/poi/poi-ooxml-schemas/3.12/poi-ooxml-schemas-3.12.jar:/Users/ratnajalla/.m2/repository/org/apache/xmlbeans/xmlbeans/2.6.0/xmlbeans-2.6.0.jar:/Users/ratnajalla/.m2/repository/stax/stax-api/1.0.1/stax-api-1.0.1.jar:/Users/ratnajalla/.m2/repository/org/apache/poi/poi-ooxml/3.9/poi-ooxml-3.9.jar:/Users/ratnajalla/.m2/repository/dom4j/dom4j/1.6.1/dom4j-1.6.1.jar:/Users/ratnajalla/.m2/repository/xml-apis/xml-apis/1.0.b2/xml-apis-1.0.b2.jar:/Users/ratnajalla/.m2/repository/com/relevantcodes/extentreports/2.41.2/extentreports-2.41.2.jar:/Users/ratnajalla/.m2/repository/org/jsoup/jsoup/1.8.3/jsoup-1.8.3.jar:/Users/ratnajalla/.m2/repository/org/xerial/sqlite-jdbc/3.8.11.1/sqlite-jdbc-3.8.11.1.jar:/Users/ratnajalla/.m2/repository/org/freemarker/freemarker/2.3.23/freemarker-2.3.23.jar:/Users/ratnajalla/.m2/repository/org/mongodb/mongodb-driver/3.0.4/mongodb-driver-3.0.4.jar:/Users/ratnajalla/.m2/repository/org/mongodb/bson/3.0.4/bson-3.0.4.jar:/Users/ratnajalla/.m2/repository/org/mongodb/mongodb-driver-core/3.0.4/mongodb-driver-core-3.0.4.jar:/Users/ratnajalla/.m2/repository/org/apache/maven/surefire/surefire-testng-utils/2.20.1/surefire-testng-utils-2.20.1.jar:/Users/ratnajalla/.m2/repository/org/apache/maven/surefire/surefire-grouper/2.20.1/surefire-grouper-2.20.1.jar:"/>
    <property name="sun.cpu.endian" value="little"/>
    <property name="user.home" value="/Users/ratnajalla"/>
    <property name="user.language" value="en"/>
    <property name="java.specification.vendor" value="Oracle Corporation"/>
    <property name="java.home" value="/Library/Java/JavaVirtualMachines/jdk1.8.0_152.jdk/Contents/Home/jre"/>
    <property name="basedir" value="/Users/ratnajalla/testNgProject"/>
    <property name="file.separator" value="/"/>
    <property name="line.separator" value="&#10;"/>
    <property name="java.vm.specification.vendor" value="Oracle Corporation"/>
    <property name="java.specification.name" value="Java Platform API Specification"/>
    <property name="java.awt.graphicsenv" value="sun.awt.CGraphicsEnvironment"/>
    <property name="surefire.real.class.path" value="/Users/ratnajalla/testNgProject/target/surefire/surefirebooter406517405178676457.jar"/>
    <property name="sun.boot.class.path" value="/Library/Java/JavaVirtualMachines/jdk1.8.0_152.jdk/Contents/Home/jre/lib/resources.jar:/Library/Java/JavaVirtualMachines/jdk1.8.0_152.jdk/Contents/Home/jre/lib/rt.jar:/Library/Java/JavaVirtualMachines/jdk1.8.0_152.jdk/Contents/Home/jre/lib/sunrsasign.jar:/Library/Java/JavaVirtualMachines/jdk1.8.0_152.jdk/Contents/Home/jre/lib/jsse.jar:/Library/Java/JavaVirtualMachines/jdk1.8.0_152.jdk/Contents/Home/jre/lib/jce.jar:/Library/Java/JavaVirtualMachines/jdk1.8.0_152.jdk/Contents/Home/jre/lib/charsets.jar:/Library/Java/JavaVirtualMachines/jdk1.8.0_152.jdk/Contents/Home/jre/lib/jfr.jar:/Library/Java/JavaVirtualMachines/jdk1.8.0_152.jdk/Contents/Home/jre/classes"/>
    <property name="sun.management.compiler" value="HotSpot 64-Bit Tiered Compilers"/>
    <property name="ftp.nonProxyHosts" value="local|*.local|169.254/16|*.169.254/16"/>
    <property name="java.runtime.version" value="1.8.0_152-b16"/>
    <property name="user.name" value="ratnajalla"/>
    <property name="path.separator" value=":"/>
    <property name="os.version" value="10.12.6"/>
    <property name="java.endorsed.dirs" value="/Library/Java/JavaVirtualMachines/jdk1.8.0_152.jdk/Contents/Home/jre/lib/endorsed"/>
    <property name="java.runtime.name" value="Java(TM) SE Runtime Environment"/>
    <property name="file.encoding" value="UTF-8"/>
    <property name="java.vm.name" value="Java HotSpot(TM) 64-Bit Server VM"/>
    <property name="localRepository" value="/Users/ratnajalla/.m2/repository"/>
    <property name="java.vendor.url.bug" value="http://bugreport.sun.com/bugreport/"/>
    <property name="java.io.tmpdir" value="/var/folders/7f/lwk5pb5j52d1bw60z8d3by0c0000gn/T/"/>
    <property name="java.version" value="1.8.0_152"/>
    <property name="user.dir" value="/Users/ratnajalla/testNgProject"/>
    <property name="os.arch" value="x86_64"/>
    <property name="java.vm.specification.name" value="Java Virtual Machine Specification"/>
    <property name="java.awt.printerjob" value="sun.lwawt.macosx.CPrinterJob"/>
    <property name="sun.os.patch.level" value="unknown"/>
    <property name="java.library.path" value="/Users/ratnajalla/Library/Java/Extensions:/Library/Java/Extensions:/Network/Library/Java/Extensions:/System/Library/Java/Extensions:/usr/lib/java:."/>
    <property name="java.vm.info" value="mixed mode"/>
    <property name="java.vendor" value="Oracle Corporation"/>
    <property name="java.vm.version" value="25.152-b16"/>
    <property name="java.ext.dirs" value="/Users/ratnajalla/Library/Java/Extensions:/Library/Java/JavaVirtualMachines/jdk1.8.0_152.jdk/Contents/Home/jre/lib/ext:/Library/Java/Extensions:/Network/Library/Java/Extensions:/System/Library/Java/Extensions:/usr/lib/java"/>
    <property name="sun.io.unicode.encoding" value="UnicodeBig"/>
    <property name="java.class.version" value="52.0"/>
    <property name="socksNonProxyHosts" value="local|*.local|169.254/16|*.169.254/16"/>
  </properties>
  <testcase name="paranterMethod" classname="com.Parameters.ParameterTest" time="2.159"/>
  <testcase name="testMethod" classname="com.Parameters.ParameterTest" time="0.193"/>
  <testcase name="test1" classname="com.RetryLogic.RetryLogicTest" time="0.007">
    <failure message="expected [false] but found [true]" type="java.lang.AssertionError">java.lang.AssertionError: expected [false] but found [true]
	at com.RetryLogic.RetryLogicTest.test1(RetryLogicTest.java:11)
</failure>
  </testcase>
  <testcase name="test2" classname="com.RetryLogic.RetryLogicTest" time="0">
    <failure message="expected [false] but found [true]" type="java.lang.AssertionError">java.lang.AssertionError: expected [false] but found [true]
	at com.RetryLogic.RetryLogicTest.test2(RetryLogicTest.java:16)
</failure>
  </testcase>
  <testcase name="testDataMethod" classname="com.dataProvider.test.dataprovider" time="2.29">
    <failure type="java.lang.NullPointerException">java.lang.NullPointerException
	at com.dataProvider.test.dataprovider.testDataMethod(dataprovider.java:44)
</failure>
    <system-out><![CDATA[Rows 6
Total Column 4
1
2
3
4
5
6
Operating System is mac os x
]]></system-out>
    <system-err><![CDATA[Starting ChromeDriver 2.35.528157 (4429ca2590d6988c0745c24c8858745aaaec01ef) on port 12215
Only local connections are allowed.
]]></system-err>
  </testcase>
  <testcase name="testDataMethod" classname="com.dataProvider.test.dataprovider" time="2.319">
    <failure type="java.lang.NullPointerException">java.lang.NullPointerException
	at com.dataProvider.test.dataprovider.testDataMethod(dataprovider.java:44)
</failure>
    <system-out><![CDATA[Operating System is mac os x
]]></system-out>
    <system-err><![CDATA[Starting ChromeDriver 2.35.528157 (4429ca2590d6988c0745c24c8858745aaaec01ef) on port 32695
Only local connections are allowed.
]]></system-err>
  </testcase>
  <testcase name="testDataMethod" classname="com.dataProvider.test.dataprovider" time="1.091">
    <failure type="java.lang.NullPointerException">java.lang.NullPointerException
	at com.dataProvider.test.dataprovider.testDataMethod(dataprovider.java:44)
</failure>
    <system-out><![CDATA[Operating System is mac os x
]]></system-out>
    <system-err><![CDATA[Starting ChromeDriver 2.35.528157 (4429ca2590d6988c0745c24c8858745aaaec01ef) on port 11653
Only local connections are allowed.
]]></system-err>
  </testcase>
  <testcase name="testDataMethod" classname="com.dataProvider.test.dataprovider" time="1.282">
    <failure type="java.lang.NullPointerException">java.lang.NullPointerException
	at com.dataProvider.test.dataprovider.testDataMethod(dataprovider.java:44)
</failure>
    <system-out><![CDATA[Operating System is mac os x
]]></system-out>
    <system-err><![CDATA[Starting ChromeDriver 2.35.528157 (4429ca2590d6988c0745c24c8858745aaaec01ef) on port 37297
Only local connections are allowed.
]]></system-err>
  </testcase>
  <testcase name="testDataMethod" classname="com.dataProvider.test.dataprovider" time="1.421">
    <failure type="java.lang.NullPointerException">java.lang.NullPointerException
	at com.dataProvider.test.dataprovider.testDataMethod(dataprovider.java:44)
</failure>
    <system-out><![CDATA[Operating System is mac os x
]]></system-out>
    <system-err><![CDATA[Starting ChromeDriver 2.35.528157 (4429ca2590d6988c0745c24c8858745aaaec01ef) on port 40151
Only local connections are allowed.
]]></system-err>
  </testcase>
  <testcase name="testDataMethod" classname="com.dataProvider.test.dataprovider" time="1.332">
    <failure type="java.lang.NullPointerException">java.lang.NullPointerException
	at com.dataProvider.test.dataprovider.testDataMethod(dataprovider.java:44)
</failure>
    <system-out><![CDATA[Operating System is mac os x
]]></system-out>
    <system-err><![CDATA[Starting ChromeDriver 2.35.528157 (4429ca2590d6988c0745c24c8858745aaaec01ef) on port 28712
Only local connections are allowed.
]]></system-err>
  </testcase>
  <testcase name="infiniteLoopTest" classname="com.test.ExceptionTimeOutTest" time="0.001"/>
  <testcase name="sumInt" classname="com.test.InvocationCount" time="0"/>
  <testcase name="sumInt" classname="com.test.InvocationCount" time="0"/>
  <testcase name="sumInt" classname="com.test.InvocationCount" time="0"/>
  <testcase name="sumInt" classname="com.test.InvocationCount" time="0"/>
  <testcase name="sumInt" classname="com.test.InvocationCount" time="0"/>
  <testcase name="readExcel" classname="com.test.ReadExcel" time="0.037"/>
  <testcase name="readExcel" classname="com.test.ReadExcel1" time="0.019"/>
  <testcase name="testArray" classname="com.test.ReadExcel1" time="0"/>
  <testcase name="loginTest" classname="com.test.TestngFeatures" time="0.001"/>
</testsuite>