<?xml version="1.0" encoding="UTF-8"?>
<!-- Generated by org.testng.reporters.JUnitReportReporter -->
<testsuite skipped="0" hostname="Ratnas-MacBook-Pro.local" name="com.Parameters.ParameterTest" tests="2" failures="0" timestamp="15 Mar 2018 18:42:59 GMT" time="5.322" errors="0">
  <testcase name="testMethod" time="0.253" classname="com.Parameters.ParameterTest"/>
  <testcase name="paranterMethod" time="5.069" classname="com.Parameters.ParameterTest"/>
</testsuite> <!-- com.Parameters.ParameterTest -->
