<?xml version="1.0" encoding="UTF-8"?>
<!-- Generated by org.testng.reporters.JUnitReportReporter -->
<testsuite skipped="0" hostname="Ratnas-MacBook-Pro.local" name="com.dataProvider.test.dataprovider" tests="6" failures="0" timestamp="13 Mar 2018 18:21:23 GMT" time="14.970" errors="0">
  <testcase name="testDataMethod" time="2.494" classname="com.dataProvider.test.dataprovider"/>
  <testcase name="testDataMethod" time="2.538" classname="com.dataProvider.test.dataprovider"/>
  <testcase name="testDataMethod" time="2.523" classname="com.dataProvider.test.dataprovider"/>
  <testcase name="testDataMethod" time="2.508" classname="com.dataProvider.test.dataprovider"/>
  <testcase name="testDataMethod" time="2.462" classname="com.dataProvider.test.dataprovider"/>
  <testcase name="testDataMethod" time="2.445" classname="com.dataProvider.test.dataprovider"/>
</testsuite> <!-- com.dataProvider.test.dataprovider -->
