<?xml version="1.0" encoding="UTF-8"?>
<!-- Generated by org.testng.reporters.JUnitReportReporter -->
<testsuite skipped="0" hostname="Ratnas-MacBook-Pro.local" name="com.test.ReadExcel" tests="1" failures="0" timestamp="13 Mar 2018 18:21:33 GMT" time="0.039" errors="0">
  <testcase name="readExcel" time="0.039" classname="com.test.ReadExcel"/>
</testsuite> <!-- com.test.ReadExcel -->
