<?xml version="1.0" encoding="UTF-8"?>
<!-- Generated by org.testng.reporters.JUnitReportReporter -->
<testsuite skipped="0" hostname="Ratnas-MacBook-Pro.local" name="com.test.ReadExcel1" tests="2" failures="0" timestamp="13 Mar 2018 18:21:28 GMT" time="0.015" errors="0">
  <testcase name="readExcel" time="0.015" classname="com.test.ReadExcel1"/>
  <testcase name="testArray" time="0.000" classname="com.test.ReadExcel1"/>
</testsuite> <!-- com.test.ReadExcel1 -->
