<?xml version="1.0" encoding="UTF-8"?>
<!-- Generated by org.testng.reporters.JUnitReportReporter -->
<testsuite skipped="0" hostname="Ratnas-MacBook-Pro.local" name="com.test.PropertiesTest" tests="2" failures="0" timestamp="15 Mar 2018 18:36:24 GMT" time="0.313" errors="0">
  <testcase name="testMethod" time="0.299" classname="com.test.PropertiesTest"/>
  <testcase name="titleTest" time="0.014" classname="com.test.PropertiesTest"/>
</testsuite> <!-- com.test.PropertiesTest -->
