<?xml version="1.0" encoding="UTF-8"?>
<!-- Generated by org.testng.reporters.JUnitReportReporter -->
<testsuite skipped="0" hostname="Ratnas-MacBook-Pro.local" name="com.test.ReadExcel" tests="1" failures="0" timestamp="15 Mar 2018 18:43:24 GMT" time="0.049" errors="0">
  <testcase name="readExcel" time="0.049" classname="com.test.ReadExcel"/>
</testsuite> <!-- com.test.ReadExcel -->
