<?xml version="1.0" encoding="UTF-8"?>
<!-- Generated by org.testng.reporters.JUnitReportReporter -->
<testsuite skipped="0" hostname="Ratnas-MacBook-Pro.local" name="com.test.GoogleTest" tests="6" failures="0" timestamp="15 Mar 2018 18:42:44 GMT" time="14.617" errors="0">
  <testcase name="verifyPageTile" time="3.004" classname="com.test.GoogleTest"/>
  <testcase name="verifyLogo" time="3.522" classname="com.test.GoogleTest"/>
  <testcase name="linkCheck" time="1.888" classname="com.test.GoogleTest"/>
  <testcase name="verifyPageTile1" time="1.862" classname="com.test.GoogleTest"/>
  <testcase name="verifyLogo1" time="2.795" classname="com.test.GoogleTest"/>
  <testcase name="linkCheck1" time="1.546" classname="com.test.GoogleTest"/>
</testsuite> <!-- com.test.GoogleTest -->
