<?xml version="1.0" encoding="UTF-8"?>
<!-- Generated by org.testng.reporters.JUnitReportReporter -->
<testsuite skipped="0" hostname="Ratnas-MacBook-Pro.local" name="com.Parameters.ParameterTest" tests="2" failures="0" timestamp="13 Mar 2018 18:21:18 GMT" time="2.408" errors="0">
  <testcase name="testMethod" time="0.244" classname="com.Parameters.ParameterTest"/>
  <testcase name="paranterMethod" time="2.164" classname="com.Parameters.ParameterTest"/>
</testsuite> <!-- com.Parameters.ParameterTest -->
