<?xml version="1.0" encoding="UTF-8"?>
<!-- Generated by org.testng.reporters.JUnitReportReporter -->
<testsuite skipped="0" hostname="Ratnas-MacBook-Pro.local" name="com.dataProvider.test.dataprovider" tests="6" failures="0" timestamp="15 Mar 2018 18:43:19 GMT" time="17.321" errors="0">
  <testcase name="testDataMethod" time="3.086" classname="com.dataProvider.test.dataprovider"/>
  <testcase name="testDataMethod" time="2.752" classname="com.dataProvider.test.dataprovider"/>
  <testcase name="testDataMethod" time="2.833" classname="com.dataProvider.test.dataprovider"/>
  <testcase name="testDataMethod" time="2.700" classname="com.dataProvider.test.dataprovider"/>
  <testcase name="testDataMethod" time="2.917" classname="com.dataProvider.test.dataprovider"/>
  <testcase name="testDataMethod" time="3.033" classname="com.dataProvider.test.dataprovider"/>
</testsuite> <!-- com.dataProvider.test.dataprovider -->
