<?xml version="1.0" encoding="UTF-8"?>
<!-- Generated by org.testng.reporters.JUnitReportReporter -->
<testsuite skipped="0" hostname="Ratnas-MacBook-Pro.local" name="com.Parameters.ParameterTest" tests="2" failures="0" timestamp="14 Mar 2018 20:43:24 GMT" time="2.353" errors="0">
  <testcase name="testMethod" time="0.193" classname="com.Parameters.ParameterTest"/>
  <testcase name="paranterMethod" time="2.160" classname="com.Parameters.ParameterTest"/>
</testsuite> <!-- com.Parameters.ParameterTest -->
