<?xml version="1.0" encoding="UTF-8"?>
<!-- Generated by org.testng.reporters.JUnitReportReporter -->
<testsuite skipped="0" hostname="Ratnas-MacBook-Pro.local" name="com.test.ExceptionTimeOutTest" tests="1" failures="0" timestamp="14 Mar 2018 20:43:09 GMT" time="0.000" errors="0">
  <testcase name="infiniteLoopTest" time="0.000" classname="com.test.ExceptionTimeOutTest"/>
</testsuite> <!-- com.test.ExceptionTimeOutTest -->
