<?xml version="1.0" encoding="UTF-8"?>
<!-- Generated by org.testng.reporters.JUnitReportReporter -->
<testsuite skipped="0" hostname="Ratnas-MacBook-Pro.local" name="com.test.TestngFeatures" tests="1" failures="0" timestamp="14 Mar 2018 20:43:14 GMT" time="0.000" errors="0">
  <testcase name="loginTest" time="0.000" classname="com.test.TestngFeatures"/>
</testsuite> <!-- com.test.TestngFeatures -->
